<?xml version="1.0" encoding="UTF-8"?>
<!-- Generated by org.testng.reporters.JUnitReportReporter -->
<testsuite skipped="0" hostname="XIPL0647" name="Android_Test.MoneyControl_Test" tests="1" failures="0" timestamp="20 Mar 2019 07:29:30 GMT" time="36.507" errors="0">
  <testcase name="testCal" time="36.507" classname="Android_Test.MoneyControl_Test"/>
</testsuite> <!-- Android_Test.MoneyControl_Test -->
